1589905558091	mozrunner::runner	INFO	Running command: "/Applications/Firefox.app/Contents/MacOS/firefox-bin" "-marionette" "-foreground" "-no-remote" "-profile" "/var/folders/zz/rl8j7fmx11b93rcytxg0xl5m0000gn/T/rust_mozprofilecSzPWG"
1589905558839	addons.webextension.doh-rollout@mozilla.org	WARN	Loading extension 'doh-rollout@mozilla.org': Reading manifest: Invalid extension permission: networkStatus
1589905559225	addons.webextension.screenshots@mozilla.org	WARN	Loading extension 'screenshots@mozilla.org': Reading manifest: Invalid extension permission: mozillaAddons
1589905559225	addons.webextension.screenshots@mozilla.org	WARN	Loading extension 'screenshots@mozilla.org': Reading manifest: Invalid extension permission: telemetry
1589905559225	addons.webextension.screenshots@mozilla.org	WARN	Loading extension 'screenshots@mozilla.org': Reading manifest: Invalid extension permission: resource://pdf.js/
1589905559225	addons.webextension.screenshots@mozilla.org	WARN	Loading extension 'screenshots@mozilla.org': Reading manifest: Invalid extension permission: about:reader*
1589905561308	Marionette	INFO	Listening on port 49334
1589905561418	Marionette	WARN	TLS certificate errors will be ignored for this session
1589905654287	mozrunner::runner	INFO	Running command: "/Applications/Firefox.app/Contents/MacOS/firefox-bin" "-marionette" "-foreground" "-no-remote" "-profile" "/var/folders/zz/rl8j7fmx11b93rcytxg0xl5m0000gn/T/rust_mozprofilefjUprU"
1589905654667	addons.webextension.doh-rollout@mozilla.org	WARN	Loading extension 'doh-rollout@mozilla.org': Reading manifest: Invalid extension permission: networkStatus
1589905655033	addons.webextension.screenshots@mozilla.org	WARN	Loading extension 'screenshots@mozilla.org': Reading manifest: Invalid extension permission: mozillaAddons
1589905655033	addons.webextension.screenshots@mozilla.org	WARN	Loading extension 'screenshots@mozilla.org': Reading manifest: Invalid extension permission: telemetry
1589905655033	addons.webextension.screenshots@mozilla.org	WARN	Loading extension 'screenshots@mozilla.org': Reading manifest: Invalid extension permission: resource://pdf.js/
1589905655034	addons.webextension.screenshots@mozilla.org	WARN	Loading extension 'screenshots@mozilla.org': Reading manifest: Invalid extension permission: about:reader*
1589905656476	Marionette	INFO	Listening on port 49435
1589905656527	Marionette	WARN	TLS certificate errors will be ignored for this session
JavaScript error: chrome://marionette/content/proxy.js, line 287: NS_ERROR_NOT_INITIALIZED
1589905791674	Marionette	INFO	Stopped listening on port 49435
1589905794003	Marionette	INFO	Stopped listening on port 49334
1589906199320	mozrunner::runner	INFO	Running command: "/Applications/Firefox.app/Contents/MacOS/firefox-bin" "-marionette" "-foreground" "-no-remote" "-profile" "/var/folders/zz/rl8j7fmx11b93rcytxg0xl5m0000gn/T/rust_mozprofilez0c8I3"
1589906200160	addons.webextension.doh-rollout@mozilla.org	WARN	Loading extension 'doh-rollout@mozilla.org': Reading manifest: Invalid extension permission: networkStatus
1589906200543	addons.webextension.screenshots@mozilla.org	WARN	Loading extension 'screenshots@mozilla.org': Reading manifest: Invalid extension permission: mozillaAddons
1589906200543	addons.webextension.screenshots@mozilla.org	WARN	Loading extension 'screenshots@mozilla.org': Reading manifest: Invalid extension permission: telemetry
1589906200543	addons.webextension.screenshots@mozilla.org	WARN	Loading extension 'screenshots@mozilla.org': Reading manifest: Invalid extension permission: resource://pdf.js/
1589906200543	addons.webextension.screenshots@mozilla.org	WARN	Loading extension 'screenshots@mozilla.org': Reading manifest: Invalid extension permission: about:reader*
1589906202503	Marionette	INFO	Listening on port 49593
1589906202582	Marionette	WARN	TLS certificate errors will be ignored for this session
JavaScript warning: https://xfer.propay.com/js/dist/vendors.rbundle.js?v=13, line 0: Successfully compiled asm.js code (total compilation time 9ms)
1589906265037	Marionette	INFO	Stopped listening on port 49593
1589906271377	mozrunner::runner	INFO	Running command: "/Applications/Firefox.app/Contents/MacOS/firefox-bin" "-marionette" "-foreground" "-no-remote" "-profile" "/var/folders/zz/rl8j7fmx11b93rcytxg0xl5m0000gn/T/rust_mozprofilefnWc2m"
1589906271803	addons.webextension.doh-rollout@mozilla.org	WARN	Loading extension 'doh-rollout@mozilla.org': Reading manifest: Invalid extension permission: networkStatus
1589906272175	addons.webextension.screenshots@mozilla.org	WARN	Loading extension 'screenshots@mozilla.org': Reading manifest: Invalid extension permission: mozillaAddons
1589906272175	addons.webextension.screenshots@mozilla.org	WARN	Loading extension 'screenshots@mozilla.org': Reading manifest: Invalid extension permission: telemetry
1589906272176	addons.webextension.screenshots@mozilla.org	WARN	Loading extension 'screenshots@mozilla.org': Reading manifest: Invalid extension permission: resource://pdf.js/
1589906272176	addons.webextension.screenshots@mozilla.org	WARN	Loading extension 'screenshots@mozilla.org': Reading manifest: Invalid extension permission: about:reader*
1589906273650	Marionette	INFO	Listening on port 49701
1589906273724	Marionette	WARN	TLS certificate errors will be ignored for this session
JavaScript warning: https://xfer.propay.com/js/dist/vendors.rbundle.js?v=13, line 0: Successfully compiled asm.js code (total compilation time 1ms)
1589906334748	Marionette	INFO	Stopped listening on port 49701
1589906345764	mozrunner::runner	INFO	Running command: "/Applications/Firefox.app/Contents/MacOS/firefox-bin" "-marionette" "-foreground" "-no-remote" "-profile" "/var/folders/zz/rl8j7fmx11b93rcytxg0xl5m0000gn/T/rust_mozprofileurqn51"
1589906346186	addons.webextension.doh-rollout@mozilla.org	WARN	Loading extension 'doh-rollout@mozilla.org': Reading manifest: Invalid extension permission: networkStatus
1589906346548	addons.webextension.screenshots@mozilla.org	WARN	Loading extension 'screenshots@mozilla.org': Reading manifest: Invalid extension permission: mozillaAddons
1589906346548	addons.webextension.screenshots@mozilla.org	WARN	Loading extension 'screenshots@mozilla.org': Reading manifest: Invalid extension permission: telemetry
1589906346548	addons.webextension.screenshots@mozilla.org	WARN	Loading extension 'screenshots@mozilla.org': Reading manifest: Invalid extension permission: resource://pdf.js/
1589906346548	addons.webextension.screenshots@mozilla.org	WARN	Loading extension 'screenshots@mozilla.org': Reading manifest: Invalid extension permission: about:reader*
1589906348019	Marionette	INFO	Listening on port 49796
1589906348116	Marionette	WARN	TLS certificate errors will be ignored for this session
JavaScript warning: https://xfer.propay.com/js/dist/vendors.rbundle.js?v=13, line 0: Successfully compiled asm.js code (total compilation time 1ms)
1589906410502	Marionette	INFO	Stopped listening on port 49796
1589906419380	mozrunner::runner	INFO	Running command: "/Applications/Firefox.app/Contents/MacOS/firefox-bin" "-marionette" "-foreground" "-no-remote" "-profile" "/var/folders/zz/rl8j7fmx11b93rcytxg0xl5m0000gn/T/rust_mozprofile48qmVf"
1589906419807	addons.webextension.doh-rollout@mozilla.org	WARN	Loading extension 'doh-rollout@mozilla.org': Reading manifest: Invalid extension permission: networkStatus
1589906420173	addons.webextension.screenshots@mozilla.org	WARN	Loading extension 'screenshots@mozilla.org': Reading manifest: Invalid extension permission: mozillaAddons
1589906420173	addons.webextension.screenshots@mozilla.org	WARN	Loading extension 'screenshots@mozilla.org': Reading manifest: Invalid extension permission: telemetry
1589906420173	addons.webextension.screenshots@mozilla.org	WARN	Loading extension 'screenshots@mozilla.org': Reading manifest: Invalid extension permission: resource://pdf.js/
1589906420173	addons.webextension.screenshots@mozilla.org	WARN	Loading extension 'screenshots@mozilla.org': Reading manifest: Invalid extension permission: about:reader*
1589906421727	Marionette	INFO	Listening on port 49889
1589906421822	Marionette	WARN	TLS certificate errors will be ignored for this session
JavaScript warning: https://xfer.propay.com/js/dist/vendors.rbundle.js?v=13, line 0: Successfully compiled asm.js code (total compilation time 1ms)
1589906483606	Marionette	INFO	Stopped listening on port 49889
1589906497297	mozrunner::runner	INFO	Running command: "/Applications/Firefox.app/Contents/MacOS/firefox-bin" "-marionette" "-foreground" "-no-remote" "-profile" "/var/folders/zz/rl8j7fmx11b93rcytxg0xl5m0000gn/T/rust_mozprofileNki8bS"
1589906497724	addons.webextension.doh-rollout@mozilla.org	WARN	Loading extension 'doh-rollout@mozilla.org': Reading manifest: Invalid extension permission: networkStatus
1589906498094	addons.webextension.screenshots@mozilla.org	WARN	Loading extension 'screenshots@mozilla.org': Reading manifest: Invalid extension permission: mozillaAddons
1589906498094	addons.webextension.screenshots@mozilla.org	WARN	Loading extension 'screenshots@mozilla.org': Reading manifest: Invalid extension permission: telemetry
1589906498094	addons.webextension.screenshots@mozilla.org	WARN	Loading extension 'screenshots@mozilla.org': Reading manifest: Invalid extension permission: resource://pdf.js/
1589906498094	addons.webextension.screenshots@mozilla.org	WARN	Loading extension 'screenshots@mozilla.org': Reading manifest: Invalid extension permission: about:reader*
1589906499557	Marionette	INFO	Listening on port 49985
1589906499636	Marionette	WARN	TLS certificate errors will be ignored for this session
JavaScript warning: https://xfer.propay.com/js/dist/vendors.rbundle.js?v=13, line 0: Successfully compiled asm.js code (total compilation time 1ms)
1589906559878	Marionette	INFO	Stopped listening on port 49985
1589906652299	mozrunner::runner	INFO	Running command: "/Applications/Firefox.app/Contents/MacOS/firefox-bin" "-marionette" "-foreground" "-no-remote" "-profile" "/var/folders/zz/rl8j7fmx11b93rcytxg0xl5m0000gn/T/rust_mozprofileM1Oew8"
1589906652716	addons.webextension.doh-rollout@mozilla.org	WARN	Loading extension 'doh-rollout@mozilla.org': Reading manifest: Invalid extension permission: networkStatus
1589906653088	addons.webextension.screenshots@mozilla.org	WARN	Loading extension 'screenshots@mozilla.org': Reading manifest: Invalid extension permission: mozillaAddons
1589906653088	addons.webextension.screenshots@mozilla.org	WARN	Loading extension 'screenshots@mozilla.org': Reading manifest: Invalid extension permission: telemetry
1589906653089	addons.webextension.screenshots@mozilla.org	WARN	Loading extension 'screenshots@mozilla.org': Reading manifest: Invalid extension permission: resource://pdf.js/
1589906653089	addons.webextension.screenshots@mozilla.org	WARN	Loading extension 'screenshots@mozilla.org': Reading manifest: Invalid extension permission: about:reader*
1589906654716	Marionette	INFO	Listening on port 50083
1589906654754	Marionette	WARN	TLS certificate errors will be ignored for this session
JavaScript warning: https://xfer.propay.com/js/dist/vendors.rbundle.js?v=13, line 0: Successfully compiled asm.js code (total compilation time 1ms)
1589906696977	Marionette	INFO	Stopped listening on port 50083
1589908416092	mozrunner::runner	INFO	Running command: "/Applications/Firefox.app/Contents/MacOS/firefox-bin" "-marionette" "-foreground" "-no-remote" "-profile" "/var/folders/zz/rl8j7fmx11b93rcytxg0xl5m0000gn/T/rust_mozprofileVMIhuP"
1589908417961	addons.webextension.doh-rollout@mozilla.org	WARN	Loading extension 'doh-rollout@mozilla.org': Reading manifest: Invalid extension permission: networkStatus
1589908418385	addons.webextension.screenshots@mozilla.org	WARN	Loading extension 'screenshots@mozilla.org': Reading manifest: Invalid extension permission: mozillaAddons
1589908418385	addons.webextension.screenshots@mozilla.org	WARN	Loading extension 'screenshots@mozilla.org': Reading manifest: Invalid extension permission: telemetry
1589908418385	addons.webextension.screenshots@mozilla.org	WARN	Loading extension 'screenshots@mozilla.org': Reading manifest: Invalid extension permission: resource://pdf.js/
1589908418385	addons.webextension.screenshots@mozilla.org	WARN	Loading extension 'screenshots@mozilla.org': Reading manifest: Invalid extension permission: about:reader*
1589908423550	Marionette	INFO	Listening on port 50446
1589908423643	Marionette	WARN	TLS certificate errors will be ignored for this session
JavaScript warning: https://xfer.propay.com/js/dist/vendors.rbundle.js?v=13, line 0: Successfully compiled asm.js code (total compilation time 12ms)
JavaScript error: chrome://marionette/content/proxy.js, line 287: NS_ERROR_NOT_INITIALIZED
1589911039289	Marionette	INFO	Stopped listening on port 50446
